<?xml version="1.0" encoding="utf-8"?><testsuites name="pytest tests"><testsuite name="pytest" errors="0" failures="0" skipped="0" tests="14" time="3.640" timestamp="2026-08-05T19:13:49.810185+00:00" hostname="agent-env-8a199a1f-1423-4dac-b960-1d41ab2fea99"><testcase classname="tests.test_iteration3.TestServices" name="test_list_returns_4_services_with_duration" time="0.145" /><testcase classname="tests.test_iteration3.TestServices" name="test_buzios_image_is_updated" time="0.225" /><testcase classname="tests.test_iteration3.TestNotifications" name="test_registration_enqueues_new_user" time="1.076" /><testcase classname="tests.test_iteration3.TestAdminPaymentSettings" name="test_forbidden_for_user" time="0.696" /><testcase classname="tests.test_iteration3.TestAdminPaymentSettings" name="test_admin_update_pix" time="0.991" /><testcase classname="tests.test_iteration3.TestNotifications" name="test_booking_enqueues_new_booking" time="1.037" /><testcase classname="tests.test_iteration3.TestAdminGira" name="test_forbidden_for_user" time="0.143" /><testcase classname="tests.test_iteration3.TestNotifications" name="test_notifications_forbidden_for_user" time="0.132" /><testcase classname="tests.test_iteration3.TestAdminGira" name="test_admin_update_gira" time="0.255" /><testcase classname="tests.test_iteration3.TestAdminEventsCRUD" name="test_event_lifecycle" time="0.689" /><testcase classname="tests.test_iteration3.TestPublicSettings" name="test_settings_public_no_auth" time="0.112" /><testcase classname="tests.test_iteration3.TestEvents" name="test_events_list_public" time="0.125" /><testcase classname="tests.test_iteration3.TestAdminEventsCRUD" name="test_add_event_forbidden_for_user" time="0.127" /><testcase classname="tests.test_iteration3.TestServiceDurationUpdate" name="test_update_duration" time="0.246" /></testsuite></testsuites>