<?xml version="1.0" encoding="utf-8"?><testsuites name="pytest tests"><testsuite name="pytest" errors="0" failures="1" skipped="0" tests="25" time="5.594" timestamp="2026-08-05T00:55:51.451993+00:00" hostname="agent-env-8a199a1f-1423-4dac-b960-1d41ab2fea99"><testcase classname="tests.backend_test" name="test_root" time="0.245" /><testcase classname="tests.backend_test" name="test_register_password_mismatch" time="0.130" /><testcase classname="tests.backend_test" name="test_login_admin" time="0.348" /><testcase classname="tests.backend_test" name="test_login_bad_password" time="0.384" /><testcase classname="tests.backend_test" name="test_auth_me" time="0.656"><failure message="AssertionError: assert 'test_user_e2fc3348@test.com' == 'TEST_user_e2fc3348@test.com'&#10;  &#10;  - TEST_user_e2fc3348@test.com&#10;  ? ^^^^&#10;  + test_user_e2fc3348@test.com&#10;  ? ^^^^">backend/tests/backend_test.py:80: in test_auth_me
    assert r.json()["email"] == user_creds["email"]
E   AssertionError: assert 'test_user_e2fc3348@test.com' == 'TEST_user_e2fc3348@test.com'
E     
E     - TEST_user_e2fc3348@test.com
E     ? ^^^^
E     + test_user_e2fc3348@test.com
E     ? ^^^^</failure></testcase><testcase classname="tests.backend_test" name="test_update_profile" time="0.150" /><testcase classname="tests.backend_test" name="test_services_list" time="0.134" /><testcase classname="tests.backend_test" name="test_service_detail_observations" time="0.107" /><testcase classname="tests.backend_test" name="test_slots_weekday" time="0.180" /><testcase classname="tests.backend_test" name="test_slots_invalid_date" time="0.117" /><testcase classname="tests.backend_test" name="test_booking_created" time="0.162" /><testcase classname="tests.backend_test" name="test_booking_terms_required" time="0.125" /><testcase classname="tests.backend_test" name="test_booking_double_book_conflict" time="0.111" /><testcase classname="tests.backend_test" name="test_slots_exclude_booked" time="0.104" /><testcase classname="tests.backend_test" name="test_booking_invalid_modality" time="0.094" /><testcase classname="tests.backend_test" name="test_my_bookings" time="0.103" /><testcase classname="tests.backend_test" name="test_admin_endpoint_forbidden_for_user" time="0.107" /><testcase classname="tests.backend_test" name="test_admin_stats" time="0.121" /><testcase classname="tests.backend_test" name="test_admin_list_bookings_filter" time="0.177" /><testcase classname="tests.backend_test" name="test_admin_confirm_payment" time="0.144" /><testcase classname="tests.backend_test" name="test_admin_change_status" time="0.107" /><testcase classname="tests.backend_test" name="test_admin_service_price_update" time="0.230" /><testcase classname="tests.backend_test" name="test_admin_working_hours" time="0.137" /><testcase classname="tests.backend_test" name="test_admin_blocked_and_holiday_crud" time="0.726" /><testcase classname="tests.backend_test" name="test_cancel_booking" time="0.347" /></testsuite></testsuites>